0 info it worked if it ends with ok
1 verbose cli [ 'C:\\Users\\rodolfo.forte\\AppData\\Local\\.meteor\\packages\\meteor-tool\\1.4.2_3\\mt-os.windows.x86_32\\dev_bundle\\bin\\node.exe',
1 verbose cli   'C:\\Users\\rodolfo.forte\\AppData\\Local\\.meteor\\packages\\meteor-tool\\1.4.2_3\\mt-os.windows.x86_32\\dev_bundle\\lib\\node_modules\\npm\\bin\\npm-cli.js',
1 verbose cli   'run',
1 verbose cli   'bench' ]
2 info using npm@3.10.9
3 info using node@v4.6.2
4 verbose run-script [ 'prebench', 'bench', 'postbench' ]
5 info lifecycle cda@~prebench: cda@
6 silly lifecycle cda@~prebench: no script for prebench, continuing
7 info lifecycle cda@~bench: cda@
8 verbose lifecycle cda@~bench: unsafe-perm in lifecycle true
9 verbose lifecycle cda@~bench: PATH: C:\Users\rodolfo.forte\AppData\Local\.meteor\packages\meteor-tool\1.4.2_3\mt-os.windows.x86_32\dev_bundle\lib\node_modules\npm\bin\node-gyp-bin;C:\Vinicius\controle-de-acesso\node_modules\.bin;C:\Users\rodolfo.forte\AppData\Local\.meteor\packages\meteor-tool\1.4.2_3\mt-os.windows.x86_32\dev_bundle\bin;C:\Users\rodolfo.forte\AppData\Local\.meteor\packages\meteor-tool\1.4.2_3\mt-os.windows.x86_32\dev_bundle\lib\node_modules\.bin;C:\ProgramData\Oracle\Java\javapath;C:\Program Files (x86)\Borland\Delphi5\Bin;C:\Windows\system32;C:\Windows;C:\Windows\System32\Wbem;C:\Windows\System32\WindowsPowerShell\v1.0\;C:\Program Files (x86)\ATI Technologies\ATI.ACE\Core-Static;C:\Program Files (x86)\INFORMIX\Bin;C:\java\jdk\bin;C:\Program Files\TortoiseSVN\bin;C:\Program Files\TortoiseHg\;C:\Program Files (x86)\Google\Chrome\Application;C:\ProgramData\Oracle\Java\javapath;C:\Program Files (x86)\Borland\Delphi5\Bin;C:\Windows\system32;C:\Windows;C:\Windows\System32\Wbem;C:\Windows\System32\WindowsPowerShell\v1.0\;C:\Program Files (x86)\ATI Technologies\ATI.ACE\Core-Static;C:\Program Files (x86)\INFORMIX\Bin;C:\java\jdk\bin;C:\Program Files\TortoiseSVN\bin;C:\Program Files\TortoiseHg\;C:\Users\rodolfo.forte\AppData\Local\Programs\Git\cmd;C:\Users\rodolfo.forte\Documents\Sublime Text;C:\java\ant\apache-ant-1.9.0\bin;C:\Users\rodolfo.forte\Documents\gradle-3.1\bin;C:\maven\bin;E:\java\jdk1.8.0_91\bin;C:\Users\rodolfo.forte\AppData\Local\.meteor\;C:\Users\rodolfo.forte\bin\
10 verbose lifecycle cda@~bench: CWD: C:\Vinicius\controle-de-acesso
11 silly lifecycle cda@~bench: Args: [ '/d /s /c', 'meteor-down imports/my_load_test.js' ]
12 silly lifecycle cda@~bench: Returned: code: 1  signal: null
13 info lifecycle cda@~bench: Failed to exec bench script
14 verbose stack Error: cda@ bench: `meteor-down imports/my_load_test.js`
14 verbose stack Exit status 1
14 verbose stack     at EventEmitter.<anonymous> (C:\Users\rodolfo.forte\AppData\Local\.meteor\packages\meteor-tool\1.4.2_3\mt-os.windows.x86_32\dev_bundle\lib\node_modules\npm\lib\utils\lifecycle.js:255:16)
14 verbose stack     at emitTwo (events.js:87:13)
14 verbose stack     at EventEmitter.emit (events.js:172:7)
14 verbose stack     at ChildProcess.<anonymous> (C:\Users\rodolfo.forte\AppData\Local\.meteor\packages\meteor-tool\1.4.2_3\mt-os.windows.x86_32\dev_bundle\lib\node_modules\npm\lib\utils\spawn.js:40:14)
14 verbose stack     at emitTwo (events.js:87:13)
14 verbose stack     at ChildProcess.emit (events.js:172:7)
14 verbose stack     at maybeClose (internal/child_process.js:854:16)
14 verbose stack     at Process.ChildProcess._handle.onexit (internal/child_process.js:222:5)
15 verbose pkgid cda@
16 verbose cwd C:\Vinicius\controle-de-acesso
17 error Windows_NT 6.1.7601
18 error argv "C:\\Users\\rodolfo.forte\\AppData\\Local\\.meteor\\packages\\meteor-tool\\1.4.2_3\\mt-os.windows.x86_32\\dev_bundle\\bin\\node.exe" "C:\\Users\\rodolfo.forte\\AppData\\Local\\.meteor\\packages\\meteor-tool\\1.4.2_3\\mt-os.windows.x86_32\\dev_bundle\\lib\\node_modules\\npm\\bin\\npm-cli.js" "run" "bench"
19 error node v4.6.2
20 error npm  v3.10.9
21 error code ELIFECYCLE
22 error cda@ bench: `meteor-down imports/my_load_test.js`
22 error Exit status 1
23 error Failed at the cda@ bench script 'meteor-down imports/my_load_test.js'.
23 error Make sure you have the latest version of node.js and npm installed.
23 error If you do, this is most likely a problem with the cda package,
23 error not with npm itself.
23 error Tell the author that this fails on your system:
23 error     meteor-down imports/my_load_test.js
23 error You can get information on how to open an issue for this project with:
23 error     npm bugs cda
23 error Or if that isn't available, you can get their info via:
23 error     npm owner ls cda
23 error There is likely additional logging output above.
24 verbose exit [ 1, true ]
